<?xml version="1.0" encoding="UTF-8"?>
<testng-results ignored="0" total="1" passed="1" failed="0" skipped="0">
  <reporter-output>
    <line>
      <![CDATA[connection is successful]]>
    </line>
  </reporter-output>
  <suite started-at="2022-09-07T22:39:29 IST" name="Default suite" finished-at="2022-09-07T22:39:49 IST" duration-ms="19524">
    <groups>
    </groups>
    <test started-at="2022-09-07T22:39:29 IST" name="Default test" finished-at="2022-09-07T22:39:49 IST" duration-ms="19524">
      <class name="endToEndScenario">
        <test-method signature="EndTOEndScenarioTest()[pri:0, instance:endToEndScenario@6fd83fc1]" started-at="2022-09-07T22:39:29 IST" name="EndTOEndScenarioTest" finished-at="2022-09-07T22:39:49 IST" duration-ms="19487" status="PASS">
          <reporter-output>
            <line>
              <![CDATA[connection is successful]]>
            </line>
          </reporter-output>
        </test-method> <!-- EndTOEndScenarioTest -->
      </class> <!-- endToEndScenario -->
    </test> <!-- Default test -->
  </suite> <!-- Default suite -->
</testng-results>
